<?xml version="1.0" encoding="UTF-8"?>
<!-- Generated by org.testng.reporters.JUnitReportReporter -->
<testsuite hostname="Ninjas-MacBook-Air.local" failures="0" tests="2" name="com.herokuapp.theinternet.NegativeTest" time="27.079" errors="0" timestamp="2022-05-07T12:04:20 WIB" skipped="0">
  <testcase classname="com.herokuapp.theinternet.NegativeTest" name="negativeLoginTest" time="14.713"/>
  <system-out/>
  <testcase classname="com.herokuapp.theinternet.NegativeTest" name="negativeLoginTest" time="12.366"/>
  <system-out/>
</testsuite> <!-- com.herokuapp.theinternet.NegativeTest -->
