<?xml version="1.0" encoding="UTF-8"?>
<!-- Generated by org.testng.reporters.JUnitReportReporter -->
<testsuite hostname="Ninjas-MacBook-Air.local" failures="0" tests="3" name="com.herokuapp.theinternet.LoginTest" time="52.168" errors="0" timestamp="2022-05-08T22:17:32 WIB" skipped="0">
  <testcase classname="com.herokuapp.theinternet.LoginTest" name="positiveLoginTest" time="28.588"/>
  <system-out/>
  <testcase classname="com.herokuapp.theinternet.LoginTest" name="negativeLoginTest" time="12.175"/>
  <system-out/>
  <testcase classname="com.herokuapp.theinternet.LoginTest" name="negativeLoginTest" time="11.405"/>
  <system-out/>
</testsuite> <!-- com.herokuapp.theinternet.LoginTest -->
