<?xml version="1.0" encoding="UTF-8"?>
<!-- Generated by org.testng.reporters.JUnitReportReporter -->
<testsuite hostname="Ninjas-MacBook-Air.local" failures="0" tests="1" name="com.herokuapp.theinternet.PositiveTest" time="13.122" errors="0" timestamp="2022-05-06T22:26:28 WIB" skipped="0">
  <testcase classname="com.herokuapp.theinternet.PositiveTest" name="loginTest" time="13.122"/>
  <system-out/>
</testsuite> <!-- com.herokuapp.theinternet.PositiveTest -->
