<?xml version="1.0" encoding="UTF-8"?>
<!-- Generated by org.testng.reporters.JUnitReportReporter -->
<testsuite hostname="Ninjas-MacBook-Air.local" failures="0" tests="1" name="com.herokuapp.theinternet.NegativeTest" time="15.054" errors="0" timestamp="2022-05-06T21:40:49 WIB" skipped="0">
  <testcase classname="com.herokuapp.theinternet.NegativeTest" name="loginTest" time="15.054"/>
  <system-out/>
</testsuite> <!-- com.herokuapp.theinternet.NegativeTest -->
